# JRE version: OpenJDK Runtime Environment Temurin-21.0.9+10 (21.0.9+10) (build 21.0.9+10-LTS)
# Java VM: OpenJDK 64-Bit Server VM Temurin-21.0.9+10 (21.0.9+10-LTS, mixed mode, sharing, tiered, compressed oops, compressed class ptrs, g1 gc, windows-amd64)
GC Precious Log:
 CardTable entry size: 512
 Card Set container configuration: InlinePtr #cards 5 size 8 Array Of Cards #cards 12 size 40 Howl #buckets 4 coarsen threshold 1843 Howl Bitmap #cards 512 size 80 coarsen threshold 460 Card regions per heap region 1 cards per card region 2048
 CPUs: 8 total, 8 available
 Memory: 16167M
 Large Page Support: Disabled
 NUMA Support: Disabled
 Compressed Oops: Enabled (32-bit)
 Heap Region Size: 1M
 Heap Min Capacity: 8M
 Heap Initial Capacity: 254M
 Heap Max Capacity: 512M
 Pre-touch: Disabled
 Parallel Workers: 8
 Concurrent Workers: 2
 Concurrent Refinement Workers: 8
 Periodic GC: Disabled
Heap:
 garbage-first heap   total 120832K, used 103504K [0x00000000e0000000, 0x0000000100000000)
  region size 1024K, 55 young (56320K), 3 survivors (3072K)
 Metaspace       used 73348K, committed 74496K, reserved 1114112K
  class space    used 9914K, committed 10432K, reserved 1048576K
GC Heap History (20 events):
Event: 28.828 GC heap before
{Heap before GC invocations=78 (full 0):
 garbage-first heap   total 103424K, used 93049K [0x00000000e0000000, 0x0000000100000000)
  region size 1024K, 43 young (44032K), 3 survivors (3072K)
 Metaspace       used 72274K, committed 73536K, reserved 1114112K
  class space    used 9796K, committed 10368K, reserved 1048576K
}
Event: 28.833 GC heap after
{Heap after GC invocations=79 (full 0):
 garbage-first heap   total 103424K, used 52354K [0x00000000e0000000, 0x0000000100000000)
  region size 1024K, 4 young (4096K), 4 survivors (4096K)
 Metaspace       used 72274K, committed 73536K, reserved 1114112K
  class space    used 9796K, committed 10368K, reserved 1048576K
}
Event: 28.991 GC heap before
{Heap before GC invocations=80 (full 0):
 garbage-first heap   total 103424K, used 92290K [0x00000000e0000000, 0x0000000100000000)
  region size 1024K, 43 young (44032K), 4 survivors (4096K)
 Metaspace       used 72349K, committed 73600K, reserved 1114112K
  class space    used 9798K, committed 10368K, reserved 1048576K
}
Event: 28.994 GC heap after
{Heap after GC invocations=81 (full 0):
 garbage-first heap   total 103424K, used 50760K [0x00000000e0000000, 0x0000000100000000)
  region size 1024K, 2 young (2048K), 2 survivors (2048K)
 Metaspace       used 72349K, committed 73600K, reserved 1114112K
  class space    used 9798K, committed 10368K, reserved 1048576K
}
Event: 29.112 GC heap before
{Heap before GC invocations=81 (full 0):
 garbage-first heap   total 103424K, used 93768K [0x00000000e0000000, 0x0000000100000000)
  region size 1024K, 44 young (45056K), 2 survivors (2048K)
 Metaspace       used 72371K, committed 73600K, reserved 1114112K
  class space    used 9798K, committed 10368K, reserved 1048576K
}
Event: 29.115 GC heap after
{Heap after GC invocations=82 (full 0):
 garbage-first heap   total 103424K, used 52205K [0x00000000e0000000, 0x0000000100000000)
  region size 1024K, 3 young (3072K), 3 survivors (3072K)
 Metaspace       used 72371K, committed 73600K, reserved 1114112K
  class space    used 9798K, committed 10368K, reserved 1048576K
}
Event: 29.247 GC heap before
{Heap before GC invocations=83 (full 0):
 garbage-first heap   total 103424K, used 94189K [0x00000000e0000000, 0x0000000100000000)
  region size 1024K, 44 young (45056K), 3 survivors (3072K)
 Metaspace       used 72394K, committed 73600K, reserved 1114112K
  class space    used 9798K, committed 10368K, reserved 1048576K
}
Event: 29.250 GC heap after
{Heap after GC invocations=84 (full 0):
 garbage-first heap   total 120832K, used 52460K [0x00000000e0000000, 0x0000000100000000)
  region size 1024K, 4 young (4096K), 4 survivors (4096K)
 Metaspace       used 72394K, committed 73600K, reserved 1114112K
  class space    used 9798K, committed 10368K, reserved 1048576K
}
Event: 29.677 GC heap before
{Heap before GC invocations=84 (full 0):
 garbage-first heap   total 120832K, used 109804K [0x00000000e0000000, 0x0000000100000000)
  region size 1024K, 60 young (61440K), 4 survivors (4096K)
 Metaspace       used 72458K, committed 73664K, reserved 1114112K
  class space    used 9804K, committed 10368K, reserved 1048576K
}
Event: 29.685 GC heap after
{Heap after GC invocations=85 (full 0):
 garbage-first heap   total 120832K, used 51644K [0x00000000e0000000, 0x0000000100000000)
  region size 1024K, 3 young (3072K), 3 survivors (3072K)
 Metaspace       used 72458K, committed 73664K, reserved 1114112K
  class space    used 9804K, committed 10368K, reserved 1048576K
}
Event: 30.873 GC heap before
{Heap before GC invocations=85 (full 0):
 garbage-first heap   total 120832K, used 110012K [0x00000000e0000000, 0x0000000100000000)
  region size 1024K, 60 young (61440K), 3 survivors (3072K)
 Metaspace       used 72458K, committed 73664K, reserved 1114112K
  class space    used 9804K, committed 10368K, reserved 1048576K
}
Event: 30.876 GC heap after
{Heap after GC invocations=86 (full 0):
 garbage-first heap   total 120832K, used 51537K [0x00000000e0000000, 0x0000000100000000)
  region size 1024K, 3 young (3072K), 3 survivors (3072K)
 Metaspace       used 72458K, committed 73664K, reserved 1114112K
  class space    used 9804K, committed 10368K, reserved 1048576K
}
Event: 32.026 GC heap before
{Heap before GC invocations=87 (full 0):
 garbage-first heap   total 120832K, used 111953K [0x00000000e0000000, 0x0000000100000000)
  region size 1024K, 62 young (63488K), 3 survivors (3072K)
 Metaspace       used 72646K, committed 73792K, reserved 1114112K
  class space    used 9834K, committed 10368K, reserved 1048576K
}
Event: 32.028 GC heap after
{Heap after GC invocations=88 (full 0):
 garbage-first heap   total 120832K, used 51423K [0x00000000e0000000, 0x0000000100000000)
  region size 1024K, 3 young (3072K), 3 survivors (3072K)
 Metaspace       used 72646K, committed 73792K, reserved 1114112K
  class space    used 9834K, committed 10368K, reserved 1048576K
}
Event: 35.022 GC heap before
{Heap before GC invocations=88 (full 0):
 garbage-first heap   total 120832K, used 112863K [0x00000000e0000000, 0x0000000100000000)
  region size 1024K, 63 young (64512K), 3 survivors (3072K)
 Metaspace       used 72935K, committed 74176K, reserved 1114112K
  class space    used 9861K, committed 10432K, reserved 1048576K
}
Event: 35.027 GC heap after
{Heap after GC invocations=89 (full 0):
 garbage-first heap   total 120832K, used 51470K [0x00000000e0000000, 0x0000000100000000)
  region size 1024K, 3 young (3072K), 3 survivors (3072K)
 Metaspace       used 72935K, committed 74176K, reserved 1114112K
  class space    used 9861K, committed 10432K, reserved 1048576K
}
Event: 38.717 GC heap before
{Heap before GC invocations=89 (full 0):
 garbage-first heap   total 120832K, used 112910K [0x00000000e0000000, 0x0000000100000000)
  region size 1024K, 63 young (64512K), 3 survivors (3072K)
 Metaspace       used 72936K, committed 74176K, reserved 1114112K
  class space    used 9861K, committed 10432K, reserved 1048576K
}
Event: 38.719 GC heap after
{Heap after GC invocations=90 (full 0):
 garbage-first heap   total 120832K, used 51294K [0x00000000e0000000, 0x0000000100000000)
  region size 1024K, 3 young (3072K), 3 survivors (3072K)
 Metaspace       used 72936K, committed 74176K, reserved 1114112K
  class space    used 9861K, committed 10432K, reserved 1048576K
}
Event: 43.324 GC heap before
{Heap before GC invocations=91 (full 0):
 garbage-first heap   total 120832K, used 112734K [0x00000000e0000000, 0x0000000100000000)
  region size 1024K, 63 young (64512K), 3 survivors (3072K)
 Metaspace       used 72936K, committed 74176K, reserved 1114112K
  class space    used 9861K, committed 10432K, reserved 1048576K
}
Event: 43.328 GC heap after
{Heap after GC invocations=92 (full 0):
 garbage-first heap   total 120832K, used 51280K [0x00000000e0000000, 0x0000000100000000)
  region size 1024K, 3 young (3072K), 3 survivors (3072K)
 Metaspace       used 72936K, committed 74176K, reserved 1114112K
  class space    used 9861K, committed 10432K, reserved 1048576K
}

